<?xml version="1.0" encoding="UTF-8"?>
<!-- Generated by org.testng.reporters.JUnitXMLReporter -->
<testsuite ignored="0" hostname="DESKTOP-GM99TT4" failures="0" tests="6" name="OpenCart Tests" time="52.458" errors="0" timestamp="2021-03-24T20:11:54 EDT">
  <testcase classname="testCases.TC_001_AccountRegistration" name="test_accout_Registration" time="3.47"/>
  <testcase classname="testCases.TC_002_Login" name="test_Login" time="3.386"/>
  <testcase classname="testCases.TC_003_LoginDDT" name="test_LoginDDT" time="3.507"/>
  <testcase classname="testCases.TC_003_LoginDDT" name="test_LoginDDT" time="11.466"/>
  <testcase classname="testCases.TC_003_LoginDDT" name="test_LoginDDT" time="11.385"/>
  <testcase classname="testCases.TC_003_LoginDDT" name="test_LoginDDT" time="11.508"/>
</testsuite> <!-- OpenCart Tests -->
